2014/09/22 22:41:53		BE02D4C6FF3127EA78C44CBCA13A599F		org.pentaho.platform.web.http.session.PentahoHttpSession	admin	session_start				0.0
2014/09/22 23:10:24		BE02D4C6FF3127EA78C44CBCA13A599F		org.pentaho.platform.web.http.session.PentahoHttpSession	admin	session_end				1710.416015625
2014/09/26 10:26:00		4C55D063F7C3A0C3E3922AB53F60D0C6		org.pentaho.platform.web.http.session.PentahoHttpSession	admin	session_start				0.0
2014/09/26 10:26:58	pentaho-cdf-dd	4C55D063F7C3A0C3E3922AB53F60D0C6		pt.webdetails.cdf.dd.DashboardDesignerContentGenerator	admin	instance_start	3acf9193-524a-467f-b7a9-eb784cc9314d	ts=1411738017091;		0.0
2014/09/26 10:27:06	pentaho-cdf-dd	4C55D063F7C3A0C3E3922AB53F60D0C6		pt.webdetails.cdf.dd.DashboardDesignerContentGenerator	admin	instance_end	3acf9193-524a-467f-b7a9-eb784cc9314d			9.24899959564209
2014/09/26 10:44:22		4C55D063F7C3A0C3E3922AB53F60D0C6		org.pentaho.platform.web.http.session.PentahoHttpSession	admin	session_end				1101.8079833984375
2014/10/02 16:35:07		5D079C41917346BD7A8BCD958526714D		org.pentaho.platform.web.http.session.PentahoHttpSession	admin	session_start				0.0
2014/10/02 16:35:25	pentaho-cdf-dd	5D079C41917346BD7A8BCD958526714D		pt.webdetails.cdf.dd.DashboardDesignerContentGenerator	admin	instance_start	9edc2b7b-5498-487a-ac9d-2f5d56b7cbc8	ts=1412278524863;		0.0
2014/10/02 16:35:28	pentaho-cdf-dd	5D079C41917346BD7A8BCD958526714D		pt.webdetails.cdf.dd.DashboardDesignerContentGenerator	admin	instance_end	9edc2b7b-5498-487a-ac9d-2f5d56b7cbc8			3.6689999103546143
2014/10/02 16:35:53		5D079C41917346BD7A8BCD958526714D		org.pentaho.platform.web.http.session.PentahoHttpSession	admin	session_end				46.194000244140625
2014/10/02 16:48:58		74F1F1C40BCEBEAE852A9C8AED043A7A		org.pentaho.platform.web.http.session.PentahoHttpSession	admin	session_start				0.0
2014/10/02 16:49:28	pentaho-cdf-dd	74F1F1C40BCEBEAE852A9C8AED043A7A	/system/languagePack_pt_BR/dashboards/main.wcdf	pt.webdetails.cdf.dd.api.RenderApi	admin	instance_start	78a386e9-4c5b-49d9-b051-884f5cc0c75e	ts=1412279367870;		0.0
2014/10/02 16:49:35	pentaho-cdf-dd	74F1F1C40BCEBEAE852A9C8AED043A7A	/system/languagePack_pt_BR/dashboards/main.wcdf	pt.webdetails.cdf.dd.api.RenderApi	admin	instance_end	78a386e9-4c5b-49d9-b051-884f5cc0c75e			7.794000148773193
2014/10/02 16:50:36		74F1F1C40BCEBEAE852A9C8AED043A7A		org.pentaho.platform.web.http.session.PentahoHttpSession	admin	session_end				97.7040023803711
2014/10/02 17:16:26		20B8A898C47A48EF007A156043DC6222		org.pentaho.platform.web.http.session.PentahoHttpSession	admin	session_start				0.0
2014/10/02 17:16:39		20B8A898C47A48EF007A156043DC6222		org.pentaho.platform.web.http.session.PentahoHttpSession	admin	session_end				12.88700008392334
2014/10/02 17:48:03		AA850C237ED7AD996A922451DF78B350		org.pentaho.platform.web.http.session.PentahoHttpSession	admin	session_start				0.0
2014/10/02 17:49:18	pentaho-cdf-dd	AA850C237ED7AD996A922451DF78B350	/system/sparkl/dashboards/admin/Main.wcdf	pt.webdetails.cdf.dd.api.RenderApi	admin	instance_start	bcbb7273-28dd-4618-b820-3dbb88a9dd50	ts=1412282957805;		0.0
2014/10/02 17:49:24	pentaho-cdf-dd	AA850C237ED7AD996A922451DF78B350	/system/sparkl/dashboards/admin/Main.wcdf	pt.webdetails.cdf.dd.api.RenderApi	admin	instance_end	bcbb7273-28dd-4618-b820-3dbb88a9dd50			6.729000091552734
2014/10/02 17:49:38	pentaho-cdf-dd	AA850C237ED7AD996A922451DF78B350	/system/sparkl/dashboards/admin/pluginInfo.wcdf	pt.webdetails.cdf.dd.api.RenderApi	admin	instance_start	5af93366-6367-4f71-b2f6-82248044a451	pluginId=d3ComponentLibrary;		0.0
2014/10/02 17:49:39	pentaho-cdf-dd	AA850C237ED7AD996A922451DF78B350	/system/sparkl/dashboards/admin/pluginInfo.wcdf	pt.webdetails.cdf.dd.api.RenderApi	admin	instance_end	5af93366-6367-4f71-b2f6-82248044a451			1.5399999618530273
2014/10/02 17:49:56	pentaho-cdf-dd	AA850C237ED7AD996A922451DF78B350	/system/sparkl/dashboards/admin/Main.wcdf	pt.webdetails.cdf.dd.api.RenderApi	admin	instance_start	d5b57766-5c33-45c5-b989-543f9ee83941			0.0
2014/10/02 17:49:56	pentaho-cdf-dd	AA850C237ED7AD996A922451DF78B350	/system/sparkl/dashboards/admin/Main.wcdf	pt.webdetails.cdf.dd.api.RenderApi	admin	instance_end	d5b57766-5c33-45c5-b989-543f9ee83941			0.04500000178813934
2014/10/02 17:50:09	pentaho-cdf-dd	AA850C237ED7AD996A922451DF78B350	/system/sparkl/dashboards/admin/pluginInfo.wcdf	pt.webdetails.cdf.dd.api.RenderApi	admin	instance_start	11dac97f-89eb-4aaa-bbbe-8a9f759446a7	pluginId=languagePack_pt_BR;		0.0
2014/10/02 17:50:09	pentaho-cdf-dd	AA850C237ED7AD996A922451DF78B350	/system/sparkl/dashboards/admin/pluginInfo.wcdf	pt.webdetails.cdf.dd.api.RenderApi	admin	instance_end	11dac97f-89eb-4aaa-bbbe-8a9f759446a7			0.03099999949336052
2014/10/02 17:50:45	pentaho-cdf-dd	AA850C237ED7AD996A922451DF78B350	/system/sparkl/dashboards/admin/Main.wcdf	pt.webdetails.cdf.dd.api.RenderApi	admin	instance_start	187d622a-5ef1-4dd0-b5f1-12fbab5d0e29			0.0
2014/10/02 17:50:46	pentaho-cdf-dd	AA850C237ED7AD996A922451DF78B350	/system/sparkl/dashboards/admin/Main.wcdf	pt.webdetails.cdf.dd.api.RenderApi	admin	instance_end	187d622a-5ef1-4dd0-b5f1-12fbab5d0e29			0.03500000014901161
2014/10/02 17:53:26		AA850C237ED7AD996A922451DF78B350		org.pentaho.platform.web.http.session.PentahoHttpSession	admin	session_end				323.6310119628906
2014/10/03 6:57:10		412A4F7E372434F0BF0ACE24633C9517		org.pentaho.platform.web.http.session.PentahoHttpSession	admin	session_start				0.0
2014/10/03 6:57:25	pentaho-cdf-dd	412A4F7E372434F0BF0ACE24633C9517		pt.webdetails.cdf.dd.DashboardDesignerContentGenerator	admin	instance_start	1d6969ee-67f4-48a8-b2a2-cbe63fb0c4e4	ts=1412330245098;		0.0
2014/10/03 6:57:28	pentaho-cdf-dd	412A4F7E372434F0BF0ACE24633C9517		pt.webdetails.cdf.dd.DashboardDesignerContentGenerator	admin	instance_end	1d6969ee-67f4-48a8-b2a2-cbe63fb0c4e4			3.617000102996826
2014/10/03 7:19:03	cda	412A4F7E372434F0BF0ACE24633C9517	%2Fpublic%2Fcde%2Fwidgets%2Fsample.cda	pt.webdetails.cda.CdaContentGenerator	admin	instance_start	cf42e298-89bf-465d-b97d-5728a73445a3	ts=1412331543010;		0.0
2014/10/03 7:19:03	cda	412A4F7E372434F0BF0ACE24633C9517	%2Fpublic%2Fcde%2Fwidgets%2Fsample.cda	pt.webdetails.cda.CdaContentGenerator	admin	instance_end	cf42e298-89bf-465d-b97d-5728a73445a3			0.0010000000474974513
2014/10/03 8:13:50		412A4F7E372434F0BF0ACE24633C9517		org.pentaho.platform.web.http.session.PentahoHttpSession	admin	session_end				4599.86083984375
2014/10/03 8:45:05		C2418BCDDFC555DB10CB859D8C238F3E		org.pentaho.platform.web.http.session.PentahoHttpSession	admin	session_start				0.0
2014/10/03 8:51:55		C2418BCDDFC555DB10CB859D8C238F3E		org.pentaho.platform.web.http.session.PentahoHttpSession	admin	session_end				410.531005859375
2014/10/03 8:54:27		95D716C867887DA2CC737DC59A1B88B6		org.pentaho.platform.web.http.session.PentahoHttpSession	admin	session_start				0.0
2014/10/03 9:16:15		052478981A33211E4370AC7494EA12DC		org.pentaho.platform.web.http.session.PentahoHttpSession	admin	session_start				0.0
2014/10/03 9:19:19		052478981A33211E4370AC7494EA12DC		org.pentaho.platform.web.http.session.PentahoHttpSession	admin	session_end				184.64700317382812
2014/10/03 12:05:24		C14A22BEFF13C40F13A1FC73E41AFF94		org.pentaho.platform.web.http.session.PentahoHttpSession	admin	session_start				0.0
2014/10/03 12:05:35		C14A22BEFF13C40F13A1FC73E41AFF94		org.pentaho.platform.web.http.session.PentahoHttpSession	admin	session_end				10.911999702453613
2014/10/03 14:35:45		FB64DE1B078F991817BF3FF5879A8EAA		org.pentaho.platform.web.http.session.PentahoHttpSession	admin	session_start				0.0
2014/10/03 14:35:58	pentaho-cdf-dd	FB64DE1B078F991817BF3FF5879A8EAA		pt.webdetails.cdf.dd.DashboardDesignerContentGenerator	admin	instance_start	d1ea34f3-7319-4f57-9da5-5cc8d3e8a9f9	ts=1412357758734;		0.0
2014/10/03 14:36:02	pentaho-cdf-dd	FB64DE1B078F991817BF3FF5879A8EAA		pt.webdetails.cdf.dd.DashboardDesignerContentGenerator	admin	instance_end	d1ea34f3-7319-4f57-9da5-5cc8d3e8a9f9			3.6459999084472656
2014/10/03 14:37:20	pentaho-cdf-dd	FB64DE1B078F991817BF3FF5879A8EAA	/home/tree.wcdf	pt.webdetails.cdf.dd.DashboardDesignerContentGenerator	admin	instance_start	8cb7a40f-4c29-4028-a6b3-77a714f6af4d			0.0
2014/10/03 14:37:20	pentaho-cdf-dd	FB64DE1B078F991817BF3FF5879A8EAA	/home/tree.wcdf	pt.webdetails.cdf.dd.DashboardDesignerContentGenerator	admin	instance_end	8cb7a40f-4c29-4028-a6b3-77a714f6af4d			0.006000000052154064
2014/10/03 14:37:23	pentaho-cdf-dd	FB64DE1B078F991817BF3FF5879A8EAA	/home/tree_tmp.wcdf	pt.webdetails.cdf.dd.api.RenderApi	admin	instance_start	52fd68cc-51f3-41d8-9559-cd389d704098	style=Clean;root=localhost:8080;file=tree_tmp.wcdf;path=;solution=home;bypassCache=true;		0.0
2014/10/03 14:37:27	pentaho-cdf-dd	FB64DE1B078F991817BF3FF5879A8EAA	/home/tree_tmp.wcdf	pt.webdetails.cdf.dd.api.RenderApi	admin	instance_end	52fd68cc-51f3-41d8-9559-cd389d704098			4.043000221252441
2014/10/03 14:38:17	pentaho-cdf-dd	FB64DE1B078F991817BF3FF5879A8EAA	/home/tree_tmp.wcdf	pt.webdetails.cdf.dd.api.RenderApi	admin	instance_start	2f7fdde8-d0bd-45a7-bb68-b7b385cbbddc	style=Clean;root=localhost:8080;file=tree_tmp.wcdf;path=;solution=home;bypassCache=true;		0.0
2014/10/03 14:38:17	pentaho-cdf-dd	FB64DE1B078F991817BF3FF5879A8EAA	/home/tree_tmp.wcdf	pt.webdetails.cdf.dd.api.RenderApi	admin	instance_end	2f7fdde8-d0bd-45a7-bb68-b7b385cbbddc			0.0949999988079071
2014/10/03 14:38:40	pentaho-cdf-dd	FB64DE1B078F991817BF3FF5879A8EAA	/home/tree.wcdf	pt.webdetails.cdf.dd.DashboardDesignerContentGenerator	admin	instance_start	87b2c62e-a7fa-4549-8fa5-f31fc3fe2b12	ts=1412357920651;		0.0
2014/10/03 14:38:40	pentaho-cdf-dd	FB64DE1B078F991817BF3FF5879A8EAA	/home/tree.wcdf	pt.webdetails.cdf.dd.api.RenderApi	admin	instance_start	05f5ab32-6472-4cd1-99fa-c90ec00911f3	ts=1412357920651;		0.0
2014/10/03 14:38:40	pentaho-cdf-dd	FB64DE1B078F991817BF3FF5879A8EAA	/home/tree.wcdf	pt.webdetails.cdf.dd.api.RenderApi	admin	instance_end	05f5ab32-6472-4cd1-99fa-c90ec00911f3			0.10899999737739563
2014/10/03 14:38:40	pentaho-cdf-dd	FB64DE1B078F991817BF3FF5879A8EAA	/home/tree.wcdf	pt.webdetails.cdf.dd.DashboardDesignerContentGenerator	admin	instance_end	87b2c62e-a7fa-4549-8fa5-f31fc3fe2b12			0.11299999803304672
2014/10/03 14:38:46	pentaho-cdf-dd	FB64DE1B078F991817BF3FF5879A8EAA	/home/tree.wcdf	pt.webdetails.cdf.dd.DashboardDesignerContentGenerator	admin	instance_start	34a3f11a-da70-4264-b9f9-15e1fa081f24			0.0
2014/10/03 14:38:46	pentaho-cdf-dd	FB64DE1B078F991817BF3FF5879A8EAA	/home/tree.wcdf	pt.webdetails.cdf.dd.api.RenderApi	admin	instance_start	ffac49da-f07d-4c75-9219-ede76804105a			0.0
2014/10/03 14:38:46	pentaho-cdf-dd	FB64DE1B078F991817BF3FF5879A8EAA	/home/tree.wcdf	pt.webdetails.cdf.dd.api.RenderApi	admin	instance_end	ffac49da-f07d-4c75-9219-ede76804105a			0.04899999871850014
2014/10/03 14:38:46	pentaho-cdf-dd	FB64DE1B078F991817BF3FF5879A8EAA	/home/tree.wcdf	pt.webdetails.cdf.dd.DashboardDesignerContentGenerator	admin	instance_end	34a3f11a-da70-4264-b9f9-15e1fa081f24			0.05299999937415123
2014/10/03 14:39:46	pentaho-cdf-dd	FB64DE1B078F991817BF3FF5879A8EAA	/home/tree_tmp.wcdf	pt.webdetails.cdf.dd.DashboardDesignerContentGenerator	admin	instance_start	ca7ae062-d23f-417d-9137-56055c48318b			0.0
2014/10/03 14:39:46	pentaho-cdf-dd	FB64DE1B078F991817BF3FF5879A8EAA	/home/tree_tmp.wcdf	pt.webdetails.cdf.dd.api.RenderApi	admin	instance_start	6f7956a0-ff4d-4c08-a621-60c7f266b95d			0.0
2014/10/03 14:39:46	pentaho-cdf-dd	FB64DE1B078F991817BF3FF5879A8EAA	/home/tree_tmp.wcdf	pt.webdetails.cdf.dd.api.RenderApi	admin	instance_end	6f7956a0-ff4d-4c08-a621-60c7f266b95d			0.07500000298023224
2014/10/03 14:39:46	pentaho-cdf-dd	FB64DE1B078F991817BF3FF5879A8EAA	/home/tree_tmp.wcdf	pt.webdetails.cdf.dd.DashboardDesignerContentGenerator	admin	instance_end	ca7ae062-d23f-417d-9137-56055c48318b			0.07900000363588333
2014/10/03 14:46:02	pentaho-cdf-dd	FB64DE1B078F991817BF3FF5879A8EAA	/home/tree.wcdf	pt.webdetails.cdf.dd.DashboardDesignerContentGenerator	admin	instance_start	ded39d84-bfae-4b05-9898-28238270a647	ts=1412358362243;		0.0
2014/10/03 14:46:02	pentaho-cdf-dd	FB64DE1B078F991817BF3FF5879A8EAA	/home/tree.wcdf	pt.webdetails.cdf.dd.DashboardDesignerContentGenerator	admin	instance_end	ded39d84-bfae-4b05-9898-28238270a647			0.006000000052154064
2014/10/03 14:59:22		FB64DE1B078F991817BF3FF5879A8EAA		org.pentaho.platform.web.http.session.PentahoHttpSession	admin	session_end				1416.7740478515625
2014/10/14 15:13:12		3B41C9417C194CDE7159D9A03CBC52A0		org.pentaho.platform.web.http.session.PentahoHttpSession	admin	session_start				0.0
2014/10/14 17:18:22		3B41C9417C194CDE7159D9A03CBC52A0		org.pentaho.platform.web.http.session.PentahoHttpSession	admin	session_end				7510.38916015625
2014/10/14 17:24:18		B40C2144E530505D2AB28347FA210D8A		org.pentaho.platform.web.http.session.PentahoHttpSession	admin	session_start				0.0
2014/10/14 17:24:18		B40C2144E530505D2AB28347FA210D8A		org.pentaho.platform.web.http.session.PentahoHttpSession	admin	session_start				0.0
2014/10/14 17:24:18	pentaho-cdf-dd	B40C2144E530505D2AB28347FA210D8A	/system/repositorySynchronizer/dashboards/Main.wcdf	pt.webdetails.cdf.dd.api.RenderApi	admin	instance_start	f515d4e7-51f5-4001-860c-bc6602c9d0fa			0.0
2014/10/14 17:24:26	pentaho-cdf-dd	B40C2144E530505D2AB28347FA210D8A	/system/repositorySynchronizer/dashboards/Main.wcdf	pt.webdetails.cdf.dd.api.RenderApi	admin	instance_end	f515d4e7-51f5-4001-860c-bc6602c9d0fa			7.767000198364258
2014/10/14 19:54:23		B40C2144E530505D2AB28347FA210D8A		org.pentaho.platform.web.http.session.PentahoHttpSession	admin	session_end				9004.8037109375
2014/10/16 14:12:46		C67E39FFA2091E545D6F747784EBB83D		org.pentaho.platform.web.http.session.PentahoHttpSession	admin	session_start				0.0
2014/10/16 14:15:42	pentaho-cdf-dd	C67E39FFA2091E545D6F747784EBB83D	/home/tree.wcdf	pt.webdetails.cdf.dd.DashboardDesignerContentGenerator	admin	instance_start	e43ace44-89d9-45c9-a296-f8b6bb600c0d	ts=1413479742254;		0.0
2014/10/16 14:15:42	pentaho-cdf-dd	C67E39FFA2091E545D6F747784EBB83D	/home/tree.wcdf	pt.webdetails.cdf.dd.api.RenderApi	admin	instance_start	e1b94677-9d20-48d7-8d34-ef6c499ad979	ts=1413479742254;		0.0
2014/10/16 14:15:49	pentaho-cdf-dd	C67E39FFA2091E545D6F747784EBB83D	/home/tree.wcdf	pt.webdetails.cdf.dd.api.RenderApi	admin	instance_end	e1b94677-9d20-48d7-8d34-ef6c499ad979			7.465000152587891
2014/10/16 14:15:49	pentaho-cdf-dd	C67E39FFA2091E545D6F747784EBB83D	/home/tree.wcdf	pt.webdetails.cdf.dd.DashboardDesignerContentGenerator	admin	instance_end	e43ace44-89d9-45c9-a296-f8b6bb600c0d			7.580999851226807
2014/10/16 14:16:47	pentaho-cdf-dd	C67E39FFA2091E545D6F747784EBB83D	/home/tree.wcdf	pt.webdetails.cdf.dd.DashboardDesignerContentGenerator	admin	instance_start	cd2a7436-9fcf-4fbd-8f42-1aebabda210a	ts=1413479807077;		0.0
2014/10/16 14:16:47	pentaho-cdf-dd	C67E39FFA2091E545D6F747784EBB83D	/home/tree.wcdf	pt.webdetails.cdf.dd.api.RenderApi	admin	instance_start	41d12462-e197-4551-9b7c-cced7953807d	ts=1413479807077;		0.0
2014/10/16 14:16:47	pentaho-cdf-dd	C67E39FFA2091E545D6F747784EBB83D	/home/tree.wcdf	pt.webdetails.cdf.dd.api.RenderApi	admin	instance_end	41d12462-e197-4551-9b7c-cced7953807d			0.10400000214576721
2014/10/16 14:16:47	pentaho-cdf-dd	C67E39FFA2091E545D6F747784EBB83D	/home/tree.wcdf	pt.webdetails.cdf.dd.DashboardDesignerContentGenerator	admin	instance_end	cd2a7436-9fcf-4fbd-8f42-1aebabda210a			0.1120000034570694
2014/10/16 14:20:28		C67E39FFA2091E545D6F747784EBB83D		org.pentaho.platform.web.http.session.PentahoHttpSession	admin	session_end				462.3089904785156
2014/10/16 14:22:01		F59EA67FB16A2FA2D9710B77F83F7A86		org.pentaho.platform.web.http.session.PentahoHttpSession	admin	session_start				0.0
2014/10/16 14:22:11	pentaho-cdf-dd	F59EA67FB16A2FA2D9710B77F83F7A86	/home/tree.wcdf	pt.webdetails.cdf.dd.DashboardDesignerContentGenerator	admin	instance_start	000a1b73-a725-4094-8d3f-fd7323e03da1	ts=1413480131481;		0.0
2014/10/16 14:22:11	pentaho-cdf-dd	F59EA67FB16A2FA2D9710B77F83F7A86	/home/tree.wcdf	pt.webdetails.cdf.dd.api.RenderApi	admin	instance_start	7556f847-b8af-488e-be7d-33d897dc1016	ts=1413480131481;		0.0
2014/10/16 14:22:18	pentaho-cdf-dd	F59EA67FB16A2FA2D9710B77F83F7A86	/home/tree.wcdf	pt.webdetails.cdf.dd.api.RenderApi	admin	instance_end	7556f847-b8af-488e-be7d-33d897dc1016			7.230999946594238
2014/10/16 14:22:18	pentaho-cdf-dd	F59EA67FB16A2FA2D9710B77F83F7A86	/home/tree.wcdf	pt.webdetails.cdf.dd.DashboardDesignerContentGenerator	admin	instance_end	000a1b73-a725-4094-8d3f-fd7323e03da1			7.369999885559082
2014/10/16 14:22:21	pentaho-cdf-dd	F59EA67FB16A2FA2D9710B77F83F7A86	/home/tree.wcdf	pt.webdetails.cdf.dd.DashboardDesignerContentGenerator	admin	instance_start	f1b70f59-8bfa-4c41-a834-fedbf9bc21f6	ts=1413480141609;		0.0
2014/10/16 14:22:21	pentaho-cdf-dd	F59EA67FB16A2FA2D9710B77F83F7A86	/home/tree.wcdf	pt.webdetails.cdf.dd.api.RenderApi	admin	instance_start	ca44b2e9-7215-4117-8a64-9998816aaf32	ts=1413480141609;		0.0
2014/10/16 14:22:21	pentaho-cdf-dd	F59EA67FB16A2FA2D9710B77F83F7A86	/home/tree.wcdf	pt.webdetails.cdf.dd.api.RenderApi	admin	instance_end	ca44b2e9-7215-4117-8a64-9998816aaf32			0.11699999868869781
2014/10/16 14:22:21	pentaho-cdf-dd	F59EA67FB16A2FA2D9710B77F83F7A86	/home/tree.wcdf	pt.webdetails.cdf.dd.DashboardDesignerContentGenerator	admin	instance_end	f1b70f59-8bfa-4c41-a834-fedbf9bc21f6			0.12800000607967377
2014/10/16 14:22:53	pentaho-cdf-dd	F59EA67FB16A2FA2D9710B77F83F7A86	/home/tree.wcdf	pt.webdetails.cdf.dd.DashboardDesignerContentGenerator	admin	instance_start	886ce1b8-bd24-4505-8db5-b8175ced1676	ts=1413480173457;		0.0
2014/10/16 14:22:53	pentaho-cdf-dd	F59EA67FB16A2FA2D9710B77F83F7A86	/home/tree.wcdf	pt.webdetails.cdf.dd.DashboardDesignerContentGenerator	admin	instance_end	886ce1b8-bd24-4505-8db5-b8175ced1676			0.2160000056028366
2014/10/16 14:24:35	pentaho-cdf-dd	F59EA67FB16A2FA2D9710B77F83F7A86	/home/tree.wcdf	pt.webdetails.cdf.dd.DashboardDesignerContentGenerator	admin	instance_start	6c7233e3-b5fc-4b3d-ac69-30d1b0c235fe	ts=1413480275233;		0.0
2014/10/16 14:24:35	pentaho-cdf-dd	F59EA67FB16A2FA2D9710B77F83F7A86	/home/tree.wcdf	pt.webdetails.cdf.dd.api.RenderApi	admin	instance_start	1faddf32-5268-44b7-8cac-ee10df0c0f18	ts=1413480275233;		0.0
2014/10/16 14:24:35	pentaho-cdf-dd	F59EA67FB16A2FA2D9710B77F83F7A86	/home/tree.wcdf	pt.webdetails.cdf.dd.api.RenderApi	admin	instance_end	1faddf32-5268-44b7-8cac-ee10df0c0f18			0.15399999916553497
2014/10/16 14:24:35	pentaho-cdf-dd	F59EA67FB16A2FA2D9710B77F83F7A86	/home/tree.wcdf	pt.webdetails.cdf.dd.DashboardDesignerContentGenerator	admin	instance_end	6c7233e3-b5fc-4b3d-ac69-30d1b0c235fe			0.16099999845027924
2014/10/16 14:24:51	pentaho-cdf-dd	F59EA67FB16A2FA2D9710B77F83F7A86	/public/plugin-samples/pentaho-cdf-dd/cde_sample1.wcdf	pt.webdetails.cdf.dd.DashboardDesignerContentGenerator	admin	instance_start	54393ef3-ffee-4d28-abd8-87af0be26138	ts=1413480291278;		0.0
2014/10/16 14:24:51	pentaho-cdf-dd	F59EA67FB16A2FA2D9710B77F83F7A86	/public/plugin-samples/pentaho-cdf-dd/cde_sample1.wcdf	pt.webdetails.cdf.dd.api.RenderApi	admin	instance_start	e4e61519-7443-4b2f-bcc1-6074c7decb17	ts=1413480291278;		0.0
2014/10/16 14:24:51	pentaho-cdf-dd	F59EA67FB16A2FA2D9710B77F83F7A86	/public/plugin-samples/pentaho-cdf-dd/cde_sample1.wcdf	pt.webdetails.cdf.dd.api.RenderApi	admin	instance_end	e4e61519-7443-4b2f-bcc1-6074c7decb17			0.26100000739097595
2014/10/16 14:24:51	pentaho-cdf-dd	F59EA67FB16A2FA2D9710B77F83F7A86	/public/plugin-samples/pentaho-cdf-dd/cde_sample1.wcdf	pt.webdetails.cdf.dd.DashboardDesignerContentGenerator	admin	instance_end	54393ef3-ffee-4d28-abd8-87af0be26138			0.26499998569488525
2014/10/16 14:24:52	cda	F59EA67FB16A2FA2D9710B77F83F7A86	/public/plugin-samples/pentaho-cdf-dd/cde_sample1.cda	pt.webdetails.cda.CdaUtils	admin	instance_start	fb6d516a-727e-4017-9089-f8fdee06b2d0	sortBy=[];dataAccessId=[mdxQuery];outputIndexId=[1];pageStart=[0];pageSize=[0];path=[/public/plugin-samples/pentaho-cdf-dd/cde_sample1.cda];paramsearchBox=[];		0.0
2014/10/16 14:24:52	cda	F59EA67FB16A2FA2D9710B77F83F7A86	/public/plugin-samples/pentaho-cdf-dd/cde_sample1.cda	pt.webdetails.cda.CdaUtils	admin	instance_end	fb6d516a-727e-4017-9089-f8fdee06b2d0			0.8489999771118164
2014/10/16 14:24:53	cda	F59EA67FB16A2FA2D9710B77F83F7A86	/public/plugin-samples/pentaho-cdf-dd/cde_sample1.cda	pt.webdetails.cda.CdaUtils	admin	instance_start	71a305e1-ef2c-4b5f-89c2-1d8cbbac9f19	paramproductLine=[Classic Cars];dataAccessId=[sqlQuery];outputIndexId=[1];pageStart=[0];pageSize=[0];path=[/public/plugin-samples/pentaho-cdf-dd/cde_sample1.cda];paramterritory=[EMEA];paramsearchBox=[];		0.0
2014/10/16 14:24:53	cda	F59EA67FB16A2FA2D9710B77F83F7A86	/public/plugin-samples/pentaho-cdf-dd/cde_sample1.cda	pt.webdetails.cda.CdaUtils	admin	instance_end	71a305e1-ef2c-4b5f-89c2-1d8cbbac9f19			0.04600000008940697
2014/10/16 14:25:41	pentaho-cdf-dd	F59EA67FB16A2FA2D9710B77F83F7A86	/home/tree.wcdf	pt.webdetails.cdf.dd.DashboardDesignerContentGenerator	admin	instance_start	af65069d-49ba-41e0-be06-681b5418c9be	ts=1413480341924;		0.0
2014/10/16 14:25:41	pentaho-cdf-dd	F59EA67FB16A2FA2D9710B77F83F7A86	/home/tree.wcdf	pt.webdetails.cdf.dd.api.RenderApi	admin	instance_start	e3a12ec6-ee2b-46da-82e2-bb50dbb6864d	ts=1413480341924;		0.0
2014/10/16 14:25:42	pentaho-cdf-dd	F59EA67FB16A2FA2D9710B77F83F7A86	/home/tree.wcdf	pt.webdetails.cdf.dd.api.RenderApi	admin	instance_end	e3a12ec6-ee2b-46da-82e2-bb50dbb6864d			0.08699999749660492
2014/10/16 14:25:42	pentaho-cdf-dd	F59EA67FB16A2FA2D9710B77F83F7A86	/home/tree.wcdf	pt.webdetails.cdf.dd.DashboardDesignerContentGenerator	admin	instance_end	af65069d-49ba-41e0-be06-681b5418c9be			0.09099999815225601
2014/10/16 14:25:52	pentaho-cdf-dd	F59EA67FB16A2FA2D9710B77F83F7A86	/public/cde/widgets/sample.wcdf	pt.webdetails.cdf.dd.DashboardDesignerContentGenerator	admin	instance_start	718602cc-ae52-4ce8-b55b-0312cd532c74	ts=1413480352565;		0.0
2014/10/16 14:25:52	pentaho-cdf-dd	F59EA67FB16A2FA2D9710B77F83F7A86	/public/cde/widgets/sample.wcdf	pt.webdetails.cdf.dd.api.RenderApi	admin	instance_start	784763e0-6859-4af5-95c4-b30117e996a7	ts=1413480352565;		0.0
2014/10/16 14:25:52	pentaho-cdf-dd	F59EA67FB16A2FA2D9710B77F83F7A86	/public/cde/widgets/sample.wcdf	pt.webdetails.cdf.dd.api.RenderApi	admin	instance_end	784763e0-6859-4af5-95c4-b30117e996a7			0.11400000005960464
2014/10/16 14:25:52	pentaho-cdf-dd	F59EA67FB16A2FA2D9710B77F83F7A86	/public/cde/widgets/sample.wcdf	pt.webdetails.cdf.dd.DashboardDesignerContentGenerator	admin	instance_end	718602cc-ae52-4ce8-b55b-0312cd532c74			0.11800000071525574
2014/10/16 14:25:53	cda	F59EA67FB16A2FA2D9710B77F83F7A86	/public/cde/widgets/sample.cda	pt.webdetails.cda.CdaUtils	admin	instance_start	c8698483-a5ff-4cbf-a8f3-7f4e57c42d4f	sortBy=[];dataAccessId=[sales];outputIndexId=[1];paramyear=[];pageStart=[0];pageSize=[0];path=[/public/cde/widgets/sample.cda];paramsearchBox=[];		0.0
2014/10/16 14:25:53	cda	F59EA67FB16A2FA2D9710B77F83F7A86	/public/cde/widgets/sample.cda	pt.webdetails.cda.CdaUtils	admin	instance_end	c8698483-a5ff-4cbf-a8f3-7f4e57c42d4f			0.16200000047683716
2014/10/16 14:27:13	pentaho-cdf-dd	F59EA67FB16A2FA2D9710B77F83F7A86	/home/tree.wcdf	pt.webdetails.cdf.dd.DashboardDesignerContentGenerator	admin	instance_start	a0caee0a-dc12-448f-bfee-ca50357cef19	ts=1413480433130;		0.0
2014/10/16 14:27:13	pentaho-cdf-dd	F59EA67FB16A2FA2D9710B77F83F7A86	/home/tree.wcdf	pt.webdetails.cdf.dd.api.RenderApi	admin	instance_start	1adf8eac-5666-42b1-8e53-e02951c04eab	ts=1413480433130;		0.0
2014/10/16 14:27:13	pentaho-cdf-dd	F59EA67FB16A2FA2D9710B77F83F7A86	/home/tree.wcdf	pt.webdetails.cdf.dd.api.RenderApi	admin	instance_end	1adf8eac-5666-42b1-8e53-e02951c04eab			0.0729999989271164
2014/10/16 14:27:13	pentaho-cdf-dd	F59EA67FB16A2FA2D9710B77F83F7A86	/home/tree.wcdf	pt.webdetails.cdf.dd.DashboardDesignerContentGenerator	admin	instance_end	a0caee0a-dc12-448f-bfee-ca50357cef19			0.07699999958276749
2014/10/16 16:28:01		F59EA67FB16A2FA2D9710B77F83F7A86		org.pentaho.platform.web.http.session.PentahoHttpSession	admin	session_end				7559.462890625
2014/10/16 16:55:34		973FE21CD3EBD12079C0BFDB1B3FE452		org.pentaho.platform.web.http.session.PentahoHttpSession	admin	session_start				0.0
2014/10/16 16:55:34		973FE21CD3EBD12079C0BFDB1B3FE452		org.pentaho.platform.web.http.session.PentahoHttpSession	admin	session_start				0.0
2014/10/16 16:55:34	pentaho-cdf-dd	973FE21CD3EBD12079C0BFDB1B3FE452	/public/cde/widgets/sample.wcdf	pt.webdetails.cdf.dd.DashboardDesignerContentGenerator	admin	instance_start	0eed91a6-85c0-4976-b1cd-b1d40e00d1a0	ts=1413489334773;		0.0
2014/10/16 16:55:34	pentaho-cdf-dd	973FE21CD3EBD12079C0BFDB1B3FE452	/public/cde/widgets/sample.wcdf	pt.webdetails.cdf.dd.api.RenderApi	admin	instance_start	f291d58e-6091-4236-90a4-1734a3ca17f8	ts=1413489334773;		0.0
2014/10/16 16:55:35	pentaho-cdf-dd	973FE21CD3EBD12079C0BFDB1B3FE452	/public/cde/widgets/sample.wcdf	pt.webdetails.cdf.dd.api.RenderApi	admin	instance_end	f291d58e-6091-4236-90a4-1734a3ca17f8			0.052000001072883606
2014/10/16 16:55:35	pentaho-cdf-dd	973FE21CD3EBD12079C0BFDB1B3FE452	/public/cde/widgets/sample.wcdf	pt.webdetails.cdf.dd.DashboardDesignerContentGenerator	admin	instance_end	0eed91a6-85c0-4976-b1cd-b1d40e00d1a0			0.0560000017285347
2014/10/16 16:55:35	cda	973FE21CD3EBD12079C0BFDB1B3FE452	/public/cde/widgets/sample.cda	pt.webdetails.cda.CdaUtils	admin	instance_start	e461591c-eb6d-4c99-8acf-dbf5239907c5	sortBy=[];dataAccessId=[sales];outputIndexId=[1];paramyear=[];pageStart=[0];pageSize=[0];path=[/public/cde/widgets/sample.cda];paramsearchBox=[];		0.0
2014/10/16 16:55:35	cda	973FE21CD3EBD12079C0BFDB1B3FE452	/public/cde/widgets/sample.cda	pt.webdetails.cda.CdaUtils	admin	instance_end	e461591c-eb6d-4c99-8acf-dbf5239907c5			0.13699999451637268
2014/10/17 17:47:24		6D274B6C67AC06F4E1ADBE46897A0AC3		org.pentaho.platform.web.http.session.PentahoHttpSession	admin	session_start				0.0
2014/10/17 17:49:37	pentaho-cdf-dd	6D274B6C67AC06F4E1ADBE46897A0AC3	/home/tree.wcdf	pt.webdetails.cdf.dd.DashboardDesignerContentGenerator	admin	instance_start	165432c9-eda3-4180-80e3-ed72bf9efa85	ts=1413578976836;		0.0
2014/10/17 17:49:37	pentaho-cdf-dd	6D274B6C67AC06F4E1ADBE46897A0AC3	/home/tree.wcdf	pt.webdetails.cdf.dd.api.RenderApi	admin	instance_start	fd1caa1c-6100-4f5c-8649-be0cf5c0b84c	ts=1413578976836;		0.0
2014/10/17 17:49:43	pentaho-cdf-dd	6D274B6C67AC06F4E1ADBE46897A0AC3	/home/tree.wcdf	pt.webdetails.cdf.dd.api.RenderApi	admin	instance_end	fd1caa1c-6100-4f5c-8649-be0cf5c0b84c			6.386000156402588
2014/10/17 17:49:43	pentaho-cdf-dd	6D274B6C67AC06F4E1ADBE46897A0AC3	/home/tree.wcdf	pt.webdetails.cdf.dd.DashboardDesignerContentGenerator	admin	instance_end	165432c9-eda3-4180-80e3-ed72bf9efa85			6.500999927520752
2014/10/17 17:53:30		6D274B6C67AC06F4E1ADBE46897A0AC3		org.pentaho.platform.web.http.session.PentahoHttpSession	admin	session_end				366.1579895019531
2014/10/17 17:55:49		4E3082E9E42AB05E8B0F0C35278EC234		org.pentaho.platform.web.http.session.PentahoHttpSession	admin	session_start				0.0
2014/10/17 17:56:13	pentaho-cdf-dd	4E3082E9E42AB05E8B0F0C35278EC234	/home/tree.wcdf	pt.webdetails.cdf.dd.DashboardDesignerContentGenerator	admin	instance_start	5bb7480e-8f93-4ae3-bfcf-3b695e4b8898	ts=1413579373120;		0.0
2014/10/17 17:56:13	pentaho-cdf-dd	4E3082E9E42AB05E8B0F0C35278EC234	/home/tree.wcdf	pt.webdetails.cdf.dd.api.RenderApi	admin	instance_start	0bdee181-e216-48bb-8c6f-71231a334e49	ts=1413579373120;		0.0
2014/10/17 17:56:19	pentaho-cdf-dd	4E3082E9E42AB05E8B0F0C35278EC234	/home/tree.wcdf	pt.webdetails.cdf.dd.api.RenderApi	admin	instance_end	0bdee181-e216-48bb-8c6f-71231a334e49			6.420000076293945
2014/10/17 17:56:19	pentaho-cdf-dd	4E3082E9E42AB05E8B0F0C35278EC234	/home/tree.wcdf	pt.webdetails.cdf.dd.DashboardDesignerContentGenerator	admin	instance_end	5bb7480e-8f93-4ae3-bfcf-3b695e4b8898			6.519000053405762
2014/10/17 18:10:28		4E3082E9E42AB05E8B0F0C35278EC234		org.pentaho.platform.web.http.session.PentahoHttpSession	admin	session_end				878.9970092773438
2014/10/17 18:12:18		F6E4C986E6F71DDD28850763296A134B		org.pentaho.platform.web.http.session.PentahoHttpSession	admin	session_start				0.0
2014/10/17 18:12:34	pentaho-cdf-dd	F6E4C986E6F71DDD28850763296A134B	/home/tree.wcdf	pt.webdetails.cdf.dd.DashboardDesignerContentGenerator	admin	instance_start	7a41f43b-b876-4ea9-827d-581fa85445a2	ts=1413580353850;		0.0
2014/10/17 18:12:34	pentaho-cdf-dd	F6E4C986E6F71DDD28850763296A134B	/home/tree.wcdf	pt.webdetails.cdf.dd.api.RenderApi	admin	instance_start	e29f3398-13f8-4fd5-97f6-91c4208636d0	ts=1413580353850;		0.0
2014/10/17 18:12:40	pentaho-cdf-dd	F6E4C986E6F71DDD28850763296A134B	/home/tree.wcdf	pt.webdetails.cdf.dd.api.RenderApi	admin	instance_end	e29f3398-13f8-4fd5-97f6-91c4208636d0			6.495999813079834
2014/10/17 18:12:40	pentaho-cdf-dd	F6E4C986E6F71DDD28850763296A134B	/home/tree.wcdf	pt.webdetails.cdf.dd.DashboardDesignerContentGenerator	admin	instance_end	7a41f43b-b876-4ea9-827d-581fa85445a2			6.605999946594238
2014/10/17 18:24:31		71B55A93C2F79E8BFCE4DFE96DFB7E42		org.pentaho.platform.web.http.session.PentahoHttpSession	admin	session_start				0.0
2014/10/17 18:25:44		F6E4C986E6F71DDD28850763296A134B		org.pentaho.platform.web.http.session.PentahoHttpSession	admin	session_end				806.7249755859375
2014/10/17 18:25:44		71B55A93C2F79E8BFCE4DFE96DFB7E42		org.pentaho.platform.web.http.session.PentahoHttpSession	admin	session_end				73.79499816894531
2014/10/17 18:27:26		C2110DC8F3887BF2B496E7AD86A4FA17		org.pentaho.platform.web.http.session.PentahoHttpSession	admin	session_start				0.0
2014/10/17 18:28:02	pentaho-cdf-dd	C2110DC8F3887BF2B496E7AD86A4FA17	/home/tree.wcdf	pt.webdetails.cdf.dd.DashboardDesignerContentGenerator	admin	instance_start	6bd62baf-e781-4ce3-bfcf-bac64ef5a84e	ts=1413581282687;		0.0
2014/10/17 18:28:02	pentaho-cdf-dd	C2110DC8F3887BF2B496E7AD86A4FA17	/home/tree.wcdf	pt.webdetails.cdf.dd.api.RenderApi	admin	instance_start	39bef144-e869-4c85-94b6-1e36ad054575	ts=1413581282687;		0.0
2014/10/17 18:28:09	pentaho-cdf-dd	C2110DC8F3887BF2B496E7AD86A4FA17	/home/tree.wcdf	pt.webdetails.cdf.dd.api.RenderApi	admin	instance_end	39bef144-e869-4c85-94b6-1e36ad054575			6.35699987411499
2014/10/17 18:28:09	pentaho-cdf-dd	C2110DC8F3887BF2B496E7AD86A4FA17	/home/tree.wcdf	pt.webdetails.cdf.dd.DashboardDesignerContentGenerator	admin	instance_end	6bd62baf-e781-4ce3-bfcf-bac64ef5a84e			6.456999778747559
2014/10/17 18:28:36	pentaho-cdf-dd	C2110DC8F3887BF2B496E7AD86A4FA17	/home/tree.wcdf	pt.webdetails.cdf.dd.DashboardDesignerContentGenerator	admin	instance_start	b2fab41e-521f-44d8-b04f-3966e0570f66	ts=1413581316094;		0.0
2014/10/17 18:28:36	pentaho-cdf-dd	C2110DC8F3887BF2B496E7AD86A4FA17	/home/tree.wcdf	pt.webdetails.cdf.dd.api.RenderApi	admin	instance_start	38e79cb8-b2ec-4bb4-901a-304ec2b2bf68	ts=1413581316094;		0.0
2014/10/17 18:28:36	pentaho-cdf-dd	C2110DC8F3887BF2B496E7AD86A4FA17	/home/tree.wcdf	pt.webdetails.cdf.dd.api.RenderApi	admin	instance_end	38e79cb8-b2ec-4bb4-901a-304ec2b2bf68			0.06800000369548798
2014/10/17 18:28:36	pentaho-cdf-dd	C2110DC8F3887BF2B496E7AD86A4FA17	/home/tree.wcdf	pt.webdetails.cdf.dd.DashboardDesignerContentGenerator	admin	instance_end	b2fab41e-521f-44d8-b04f-3966e0570f66			0.07400000095367432
2014/10/17 18:30:31	pentaho-cdf-dd	C2110DC8F3887BF2B496E7AD86A4FA17	/home/tree.wcdf	pt.webdetails.cdf.dd.DashboardDesignerContentGenerator	admin	instance_start	1ba9f895-a040-4c43-95a4-a286f2c06f1a	ts=1413581431704;		0.0
2014/10/17 18:30:31	pentaho-cdf-dd	C2110DC8F3887BF2B496E7AD86A4FA17	/home/tree.wcdf	pt.webdetails.cdf.dd.api.RenderApi	admin	instance_start	e76929c7-5b71-4b30-882e-5af811645b28	ts=1413581431704;		0.0
2014/10/17 18:30:31	pentaho-cdf-dd	C2110DC8F3887BF2B496E7AD86A4FA17	/home/tree.wcdf	pt.webdetails.cdf.dd.api.RenderApi	admin	instance_end	e76929c7-5b71-4b30-882e-5af811645b28			0.05999999865889549
2014/10/17 18:30:31	pentaho-cdf-dd	C2110DC8F3887BF2B496E7AD86A4FA17	/home/tree.wcdf	pt.webdetails.cdf.dd.DashboardDesignerContentGenerator	admin	instance_end	1ba9f895-a040-4c43-95a4-a286f2c06f1a			0.06499999761581421
2014/10/17 18:33:11		C2110DC8F3887BF2B496E7AD86A4FA17		org.pentaho.platform.web.http.session.PentahoHttpSession	admin	session_end				345.1050109863281
2014/10/17 18:34:55		9A27AF339AE53128FBA08BAE0A0538B1		org.pentaho.platform.web.http.session.PentahoHttpSession	admin	session_start				0.0
2014/10/17 18:35:15	pentaho-cdf-dd	9A27AF339AE53128FBA08BAE0A0538B1	/home/tree.wcdf	pt.webdetails.cdf.dd.DashboardDesignerContentGenerator	admin	instance_start	2b471510-aafb-4818-9c87-32d4a3f986aa	ts=1413581714974;		0.0
2014/10/17 18:35:15	pentaho-cdf-dd	9A27AF339AE53128FBA08BAE0A0538B1	/home/tree.wcdf	pt.webdetails.cdf.dd.api.RenderApi	admin	instance_start	131b0264-1f7a-4f96-bfc7-cebf42cedcf1	ts=1413581714974;		0.0
2014/10/17 18:35:21	pentaho-cdf-dd	9A27AF339AE53128FBA08BAE0A0538B1	/home/tree.wcdf	pt.webdetails.cdf.dd.api.RenderApi	admin	instance_end	131b0264-1f7a-4f96-bfc7-cebf42cedcf1			6.084000110626221
2014/10/17 18:35:21	pentaho-cdf-dd	9A27AF339AE53128FBA08BAE0A0538B1	/home/tree.wcdf	pt.webdetails.cdf.dd.DashboardDesignerContentGenerator	admin	instance_end	2b471510-aafb-4818-9c87-32d4a3f986aa			6.184999942779541
2014/10/17 18:39:39	pentaho-cdf-dd	9A27AF339AE53128FBA08BAE0A0538B1	/home/tree.wcdf	pt.webdetails.cdf.dd.DashboardDesignerContentGenerator	admin	instance_start	ba61f476-d09b-4583-8cc5-c974c5c6c543	ts=1413581979461;		0.0
2014/10/17 18:39:39	pentaho-cdf-dd	9A27AF339AE53128FBA08BAE0A0538B1	/home/tree.wcdf	pt.webdetails.cdf.dd.api.RenderApi	admin	instance_start	6ab80611-871b-4238-ad18-dbc3c036ca6d	ts=1413581979461;		0.0
2014/10/17 18:39:39	pentaho-cdf-dd	9A27AF339AE53128FBA08BAE0A0538B1	/home/tree.wcdf	pt.webdetails.cdf.dd.api.RenderApi	admin	instance_end	6ab80611-871b-4238-ad18-dbc3c036ca6d			0.06599999964237213
2014/10/17 18:39:39	pentaho-cdf-dd	9A27AF339AE53128FBA08BAE0A0538B1	/home/tree.wcdf	pt.webdetails.cdf.dd.DashboardDesignerContentGenerator	admin	instance_end	ba61f476-d09b-4583-8cc5-c974c5c6c543			0.07100000232458115
2014/10/17 18:40:16	pentaho-cdf-dd	9A27AF339AE53128FBA08BAE0A0538B1	/home/tree.wcdf	pt.webdetails.cdf.dd.DashboardDesignerContentGenerator	admin	instance_start	16dc65f6-03c4-4b88-b9c7-976078e1b2ea	ts=1413582016705;		0.0
2014/10/17 18:40:16	pentaho-cdf-dd	9A27AF339AE53128FBA08BAE0A0538B1	/home/tree.wcdf	pt.webdetails.cdf.dd.api.RenderApi	admin	instance_start	b791009b-56c5-4461-8832-c342b03c8682	ts=1413582016705;		0.0
2014/10/17 18:40:16	pentaho-cdf-dd	9A27AF339AE53128FBA08BAE0A0538B1	/home/tree.wcdf	pt.webdetails.cdf.dd.api.RenderApi	admin	instance_end	b791009b-56c5-4461-8832-c342b03c8682			0.05900000035762787
2014/10/17 18:40:16	pentaho-cdf-dd	9A27AF339AE53128FBA08BAE0A0538B1	/home/tree.wcdf	pt.webdetails.cdf.dd.DashboardDesignerContentGenerator	admin	instance_end	16dc65f6-03c4-4b88-b9c7-976078e1b2ea			0.06499999761581421
2014/10/17 18:40:28		64C6D736989ACB60C5AB17442C2212BC		org.pentaho.platform.web.http.session.PentahoHttpSession	admin	session_start				0.0
2014/10/17 18:42:24		9A27AF339AE53128FBA08BAE0A0538B1		org.pentaho.platform.web.http.session.PentahoHttpSession	admin	session_end				448.4320068359375
2014/10/17 18:42:24		64C6D736989ACB60C5AB17442C2212BC		org.pentaho.platform.web.http.session.PentahoHttpSession	admin	session_end				115.91100311279297
2014/10/17 18:43:17		FD553F728BE8616E6D3FDBD21BB2633F		org.pentaho.platform.web.http.session.PentahoHttpSession	admin	session_start				0.0
2014/10/17 18:44:52	pentaho-cdf-dd	FD553F728BE8616E6D3FDBD21BB2633F	/home/tree.wcdf	pt.webdetails.cdf.dd.DashboardDesignerContentGenerator	admin	instance_start	c8a3ac44-1ae5-4af5-b6c1-72a832664b47	ts=1413582292486;		0.0
2014/10/17 18:44:52	pentaho-cdf-dd	FD553F728BE8616E6D3FDBD21BB2633F	/home/tree.wcdf	pt.webdetails.cdf.dd.api.RenderApi	admin	instance_start	3d3f9bec-9adc-4334-a500-dbaf146d47bd	ts=1413582292486;		0.0
2014/10/17 18:44:58	pentaho-cdf-dd	FD553F728BE8616E6D3FDBD21BB2633F	/home/tree.wcdf	pt.webdetails.cdf.dd.api.RenderApi	admin	instance_end	3d3f9bec-9adc-4334-a500-dbaf146d47bd			6.044000148773193
2014/10/17 18:44:58	pentaho-cdf-dd	FD553F728BE8616E6D3FDBD21BB2633F	/home/tree.wcdf	pt.webdetails.cdf.dd.DashboardDesignerContentGenerator	admin	instance_end	c8a3ac44-1ae5-4af5-b6c1-72a832664b47			6.138000011444092
2014/10/17 20:45:05		FD553F728BE8616E6D3FDBD21BB2633F		org.pentaho.platform.web.http.session.PentahoHttpSession	admin	session_end				7308.2587890625
2014/10/22 9:13:41		7C0A97206B303FDD1E8378672299B1AC		org.pentaho.platform.web.http.session.PentahoHttpSession	admin	session_start				0.0
2014/10/22 9:14:51		7C0A97206B303FDD1E8378672299B1AC		org.pentaho.platform.web.http.session.PentahoHttpSession	admin	session_end				70.23600006103516
2014/10/22 9:17:01		6D5313217F83ACA9E7E2D9FDEB693F87		org.pentaho.platform.web.http.session.PentahoHttpSession	admin	session_start				0.0
2014/10/22 9:17:13	pentaho-cdf-dd	6D5313217F83ACA9E7E2D9FDEB693F87	/system/BTable/dashboards/About.wcdf	pt.webdetails.cdf.dd.api.RenderApi	admin	instance_start	9608fbf5-1b3c-4fc5-8014-fb06d007a457	ts=1413976633428;paramcpk.webapp.dir=/opt/pentaho/biserver-ce_fhemig/tomcat/webapps/pentaho/;		0.0
2014/10/22 9:17:20	pentaho-cdf-dd	6D5313217F83ACA9E7E2D9FDEB693F87	/system/BTable/dashboards/About.wcdf	pt.webdetails.cdf.dd.api.RenderApi	admin	instance_end	9608fbf5-1b3c-4fc5-8014-fb06d007a457			6.605999946594238
2014/10/22 9:17:46	pentaho-cdf-dd	6D5313217F83ACA9E7E2D9FDEB693F87	/system/BTable/dashboards/Analyzer.wcdf	pt.webdetails.cdf.dd.api.RenderApi	admin	instance_start	433412ea-2a56-4db8-b242-f2dff8285ce7	ts=1413976666786;paramcpk.webapp.dir=/opt/pentaho/biserver-ce_fhemig/tomcat/webapps/pentaho/;		0.0
2014/10/22 9:17:46	pentaho-cdf-dd	6D5313217F83ACA9E7E2D9FDEB693F87	/system/BTable/dashboards/Analyzer.wcdf	pt.webdetails.cdf.dd.api.RenderApi	admin	instance_end	433412ea-2a56-4db8-b242-f2dff8285ce7			0.10999999940395355
2014/10/22 9:18:14	pentaho-cdf-dd	6D5313217F83ACA9E7E2D9FDEB693F87	/system/BTable/dashboards/Render.wcdf	pt.webdetails.cdf.dd.api.RenderApi	admin	instance_start	96154ae8-5865-4e5a-9a09-f782d027aac3	paramcpk.webapp.dir=/opt/pentaho/biserver-ce_fhemig/tomcat/webapps/pentaho/;btdef={"catalog":"mondrian:/SteelWheels","jndi":"SampleData","cube":"SteelWheelsSales","dimensions":[["[Customers].[Customer]",""]],"measures":[["[Measures].[Fact Count]",""]]};		0.0
2014/10/22 9:18:15	pentaho-cdf-dd	6D5313217F83ACA9E7E2D9FDEB693F87	/system/BTable/dashboards/Render.wcdf	pt.webdetails.cdf.dd.api.RenderApi	admin	instance_end	96154ae8-5865-4e5a-9a09-f782d027aac3			0.08699999749660492
2014/10/22 9:18:15	cda	6D5313217F83ACA9E7E2D9FDEB693F87	/system/BTable/resources/datasources/SteelWheels_SampleData.cda	pt.webdetails.cda.CdaUtils	admin	instance_start	b0c3de42-dae3-4248-bd99-5267167683cb	parammdxQuery=[with set [Customers_Customer_Set] as '{[Customers].[Customer].Members}' set [Measures_Set] as '{[Measures].[Fact Count]}'  select NON EMPTY [Measures_Set] on COLUMNS, NON EMPTY [Customers_Customer_Set] on ROWS from [SteelWheelsSales]];dataAccessId=[BTableQuery];outputIndexId=[1];pageStart=[0];pageSize=[0];path=[/system/BTable/resources/datasources/SteelWheels_SampleData.cda];paramsearchBox=[];		0.0
2014/10/22 9:18:16	cda	6D5313217F83ACA9E7E2D9FDEB693F87	/system/BTable/resources/datasources/SteelWheels_SampleData.cda	pt.webdetails.cda.CdaUtils	admin	instance_end	b0c3de42-dae3-4248-bd99-5267167683cb			0.4269999861717224
2014/10/22 9:18:22	cda	6D5313217F83ACA9E7E2D9FDEB693F87	/system/BTable/resources/datasources/SteelWheels_SampleData.cda	pt.webdetails.cda.CdaUtils	admin	instance_start	d589975f-b75f-411e-b1b2-a466479fd610	parammdxQuery=[with member [Measures].[Unique Name] as '[Customers].[Customer].CurrentMember.UniqueName' select distinct([Customers].[Customer].Members) on Rows, {[Measures].[Unique Name]} ON Columns from [SteelWheelsSales]];dataAccessId=[BTableQueryCompact];path=[/system/BTable/resources/datasources/SteelWheels_SampleData.cda];		0.0
2014/10/22 9:18:22	cda	6D5313217F83ACA9E7E2D9FDEB693F87	/system/BTable/resources/datasources/SteelWheels_SampleData.cda	pt.webdetails.cda.CdaUtils	admin	instance_end	d589975f-b75f-411e-b1b2-a466479fd610			0.09300000220537186
2014/10/22 9:18:27	cda	6D5313217F83ACA9E7E2D9FDEB693F87	/system/BTable/resources/datasources/SteelWheels_SampleData.cda	pt.webdetails.cda.CdaUtils	admin	instance_start	228f22a9-a4db-4756-9dac-4d400d47e422	parammdxQuery=[with set [Customers_Customer_Set] as '{[Customers].[Customer].Members}' set [Measures_Set] as '{[Measures].[Fact Count]}'  select NON EMPTY [Measures_Set] on COLUMNS, NON EMPTY [Customers_Customer_Set] on ROWS from [SteelWheelsSales]];dataAccessId=[BTableQuery];outputIndexId=[1];pageStart=[0];pageSize=[0];path=[/system/BTable/resources/datasources/SteelWheels_SampleData.cda];paramsearchBox=[];		0.0
2014/10/22 9:18:27	cda	6D5313217F83ACA9E7E2D9FDEB693F87	/system/BTable/resources/datasources/SteelWheels_SampleData.cda	pt.webdetails.cda.CdaUtils	admin	instance_end	228f22a9-a4db-4756-9dac-4d400d47e422			0.041999999433755875
2014/10/22 9:18:55	cda	6D5313217F83ACA9E7E2D9FDEB693F87	/system/BTable/resources/datasources/SteelWheels_SampleData.cda	pt.webdetails.cda.CdaUtils	admin	instance_start	4f4e032a-0ed8-4d04-b4ef-d100d0634807	parammdxQuery=[with set [Customers_Customer_Set] as '{[Customers].[Customer].Members}' set [Measures_Set] as '{[Measures].[Fact Count]}'  select NON EMPTY [Measures_Set] on COLUMNS, NON EMPTY [Customers_Customer_Set] on ROWS from [SteelWheelsSales]];dataAccessId=[BTableQuery];outputIndexId=[1];pageStart=[0];pageSize=[0];path=[/system/BTable/resources/datasources/SteelWheels_SampleData.cda];paramsearchBox=[];		0.0
2014/10/22 9:18:55	cda	6D5313217F83ACA9E7E2D9FDEB693F87	/system/BTable/resources/datasources/SteelWheels_SampleData.cda	pt.webdetails.cda.CdaUtils	admin	instance_end	4f4e032a-0ed8-4d04-b4ef-d100d0634807			0.03500000014901161
2014/10/22 9:19:29	pentaho-cdf-dd	6D5313217F83ACA9E7E2D9FDEB693F87		pt.webdetails.cdf.dd.DashboardDesignerContentGenerator	admin	instance_start	e3df27ed-8916-4370-abd4-73614e5fc8f5	ts=1413976769259;		0.0
2014/10/22 9:19:29	pentaho-cdf-dd	6D5313217F83ACA9E7E2D9FDEB693F87		pt.webdetails.cdf.dd.DashboardDesignerContentGenerator	admin	instance_end	e3df27ed-8916-4370-abd4-73614e5fc8f5			0.23600000143051147
2014/10/22 9:29:15		6D5313217F83ACA9E7E2D9FDEB693F87		org.pentaho.platform.web.http.session.PentahoHttpSession	admin	session_end				734.1279907226562
2014/10/22 9:33:50		10172152E73966EB71DE3E7114DD0E43		org.pentaho.platform.web.http.session.PentahoHttpSession	admin	session_start				0.0
2014/10/22 9:34:04	pentaho-cdf-dd	10172152E73966EB71DE3E7114DD0E43	/system/cfr/presentation/cfr.wcdf	pt.webdetails.cdf.dd.api.RenderApi	admin	instance_start	cc20e2fe-6377-4f84-8699-a0339246be33			0.0
2014/10/22 9:34:11	pentaho-cdf-dd	10172152E73966EB71DE3E7114DD0E43	/system/cfr/presentation/cfr.wcdf	pt.webdetails.cdf.dd.api.RenderApi	admin	instance_end	cc20e2fe-6377-4f84-8699-a0339246be33			7.109000205993652
2014/10/22 9:34:12	cda	10172152E73966EB71DE3E7114DD0E43	/system/cfr/presentation/cfr.cda	pt.webdetails.cda.CdaUtils	admin	instance_start	22a593ad-4d51-43fb-8d9e-661e904d1114	dataAccessId=[uploadsQuery];outputIndexId=[1];paramuserParam=[joe];pageStart=[0];pageSize=[0];path=[/system/cfr/presentation/cfr.cda];paramsearchBox=[];		0.0
2014/10/22 9:34:13	cda	10172152E73966EB71DE3E7114DD0E43	/system/cfr/presentation/cfr.cda	pt.webdetails.cda.CdaUtils	admin	instance_end	22a593ad-4d51-43fb-8d9e-661e904d1114			0.6100000143051147
2014/10/22 9:34:21	pentaho-cdf-dd	10172152E73966EB71DE3E7114DD0E43	/system/cfr/presentation/cfrBrowser.wcdf	pt.webdetails.cdf.dd.api.RenderApi	admin	instance_start	e7c84232-e3d5-472c-94a9-9701d62ff228			0.0
2014/10/22 9:34:21	pentaho-cdf-dd	10172152E73966EB71DE3E7114DD0E43	/system/cfr/presentation/cfrBrowser.wcdf	pt.webdetails.cdf.dd.api.RenderApi	admin	instance_end	e7c84232-e3d5-472c-94a9-9701d62ff228			0.07599999755620956
2014/10/22 9:34:22	pentaho-cdf-dd	10172152E73966EB71DE3E7114DD0E43	/system/cfr/presentation/cfr.wcdf	pt.webdetails.cdf.dd.api.RenderApi	admin	instance_start	0d7d6aa7-13f8-417b-b4b8-2b18f952c360			0.0
2014/10/22 9:34:22	pentaho-cdf-dd	10172152E73966EB71DE3E7114DD0E43	/system/cfr/presentation/cfr.wcdf	pt.webdetails.cdf.dd.api.RenderApi	admin	instance_end	0d7d6aa7-13f8-417b-b4b8-2b18f952c360			0.02199999988079071
2014/10/22 9:34:23	cda	10172152E73966EB71DE3E7114DD0E43	/system/cfr/presentation/cfr.cda	pt.webdetails.cda.CdaUtils	admin	instance_start	608d664d-99d0-487c-beec-15d18af8b489	dataAccessId=[uploadsQuery];outputIndexId=[1];paramuserParam=[joe];pageStart=[0];pageSize=[0];path=[/system/cfr/presentation/cfr.cda];paramsearchBox=[];		0.0
2014/10/22 9:34:23	cda	10172152E73966EB71DE3E7114DD0E43	/system/cfr/presentation/cfr.cda	pt.webdetails.cda.CdaUtils	admin	instance_end	608d664d-99d0-487c-beec-15d18af8b489			0.01600000075995922
2014/10/22 9:34:24	pentaho-cdf-dd	10172152E73966EB71DE3E7114DD0E43	/system/cfr/presentation/cfrBrowser.wcdf	pt.webdetails.cdf.dd.api.RenderApi	admin	instance_start	61ac33f4-8f91-4ef5-bcc3-82731fd28ad1			0.0
2014/10/22 9:34:24	pentaho-cdf-dd	10172152E73966EB71DE3E7114DD0E43	/system/cfr/presentation/cfrBrowser.wcdf	pt.webdetails.cdf.dd.api.RenderApi	admin	instance_end	61ac33f4-8f91-4ef5-bcc3-82731fd28ad1			0.07500000298023224
2014/10/22 9:34:26	pentaho-cdf-dd	10172152E73966EB71DE3E7114DD0E43	/system/cfr/presentation/cfr.wcdf	pt.webdetails.cdf.dd.api.RenderApi	admin	instance_start	e697ad42-c1f7-4741-ba15-3b2343815e92			0.0
2014/10/22 9:34:26	pentaho-cdf-dd	10172152E73966EB71DE3E7114DD0E43	/system/cfr/presentation/cfr.wcdf	pt.webdetails.cdf.dd.api.RenderApi	admin	instance_end	e697ad42-c1f7-4741-ba15-3b2343815e92			0.02199999988079071
2014/10/22 9:34:27	cda	10172152E73966EB71DE3E7114DD0E43	/system/cfr/presentation/cfr.cda	pt.webdetails.cda.CdaUtils	admin	instance_start	eec39f9b-b9d0-4d90-8161-3102ee412efa	dataAccessId=[uploadsQuery];outputIndexId=[1];paramuserParam=[joe];pageStart=[0];pageSize=[0];path=[/system/cfr/presentation/cfr.cda];paramsearchBox=[];		0.0
2014/10/22 9:34:27	cda	10172152E73966EB71DE3E7114DD0E43	/system/cfr/presentation/cfr.cda	pt.webdetails.cda.CdaUtils	admin	instance_end	eec39f9b-b9d0-4d90-8161-3102ee412efa			0.014999999664723873
2014/10/22 9:38:05	pentaho-cdf-dd	10172152E73966EB71DE3E7114DD0E43	/home/admin/cfr.wcdf	pt.webdetails.cdf.dd.DashboardDesignerContentGenerator	admin	instance_start	ec42a8f5-c43a-481b-8ea0-6469675f87bd	ts=1413977885386;		0.0
2014/10/22 9:38:05	pentaho-cdf-dd	10172152E73966EB71DE3E7114DD0E43	/home/admin/cfr.wcdf	pt.webdetails.cdf.dd.DashboardDesignerContentGenerator	admin	instance_end	ec42a8f5-c43a-481b-8ea0-6469675f87bd			0.21799999475479126
2014/10/22 9:38:41	pentaho-cdf-dd	10172152E73966EB71DE3E7114DD0E43	/system/cfr/presentation/cfr.wcdf	pt.webdetails.cdf.dd.api.RenderApi	admin	instance_start	c38be266-dda6-4d5e-be18-cf9b650f1f3e			0.0
2014/10/22 9:38:41	pentaho-cdf-dd	10172152E73966EB71DE3E7114DD0E43	/system/cfr/presentation/cfr.wcdf	pt.webdetails.cdf.dd.api.RenderApi	admin	instance_end	c38be266-dda6-4d5e-be18-cf9b650f1f3e			0.014000000432133675
2014/10/22 9:38:42	cda	10172152E73966EB71DE3E7114DD0E43	/system/cfr/presentation/cfr.cda	pt.webdetails.cda.CdaUtils	admin	instance_start	ac4ef53e-4de4-436c-ac10-ce8112519931	dataAccessId=[uploadsQuery];outputIndexId=[1];paramuserParam=[joe];pageStart=[0];pageSize=[0];path=[/system/cfr/presentation/cfr.cda];paramsearchBox=[];		0.0
2014/10/22 9:38:42	cda	10172152E73966EB71DE3E7114DD0E43	/system/cfr/presentation/cfr.cda	pt.webdetails.cda.CdaUtils	admin	instance_end	ac4ef53e-4de4-436c-ac10-ce8112519931			0.009999999776482582
2014/10/22 11:40:31		3EF6A7ED0A7F9CD743902CF8DD4DF7CD		org.pentaho.platform.web.http.session.PentahoHttpSession	admin	session_start				0.0
2014/10/22 11:40:50	pentaho-cdf-dd	3EF6A7ED0A7F9CD743902CF8DD4DF7CD	/home/admin/cfr.wcdf	pt.webdetails.cdf.dd.DashboardDesignerContentGenerator	admin	instance_start	03c372df-4756-47f4-97c9-b253d7c02b78	ts=1413985250166;		0.0
2014/10/22 11:40:50	pentaho-cdf-dd	3EF6A7ED0A7F9CD743902CF8DD4DF7CD	/home/admin/cfr.wcdf	pt.webdetails.cdf.dd.DashboardDesignerContentGenerator	admin	instance_end	03c372df-4756-47f4-97c9-b253d7c02b78			0.003000000026077032
2014/10/22 11:41:07		10172152E73966EB71DE3E7114DD0E43		org.pentaho.platform.web.http.session.PentahoHttpSession	admin	session_end				7636.30517578125
2014/10/22 11:41:12	pentaho-cdf-dd	3EF6A7ED0A7F9CD743902CF8DD4DF7CD	/system/cfr/presentation/cfr.wcdf	pt.webdetails.cdf.dd.api.RenderApi	admin	instance_start	32357e91-2dc1-43b8-80be-ab6a688949c6			0.0
2014/10/22 11:41:12	pentaho-cdf-dd	3EF6A7ED0A7F9CD743902CF8DD4DF7CD	/system/cfr/presentation/cfr.wcdf	pt.webdetails.cdf.dd.api.RenderApi	admin	instance_end	32357e91-2dc1-43b8-80be-ab6a688949c6			0.013000000268220901
2014/10/22 11:41:13	cda	3EF6A7ED0A7F9CD743902CF8DD4DF7CD	/system/cfr/presentation/cfr.cda	pt.webdetails.cda.CdaUtils	admin	instance_start	e4b55a40-331c-4d2e-9cd4-898dd3698213	dataAccessId=[uploadsQuery];outputIndexId=[1];paramuserParam=[joe];pageStart=[0];pageSize=[0];path=[/system/cfr/presentation/cfr.cda];paramsearchBox=[];		0.0
2014/10/22 11:41:13	cda	3EF6A7ED0A7F9CD743902CF8DD4DF7CD	/system/cfr/presentation/cfr.cda	pt.webdetails.cda.CdaUtils	admin	instance_end	e4b55a40-331c-4d2e-9cd4-898dd3698213			0.02199999988079071
2014/10/22 11:41:26	cda	3EF6A7ED0A7F9CD743902CF8DD4DF7CD	/system/cfr/presentation/cfr.cda	pt.webdetails.cda.CdaUtils	admin	instance_start	b7d03865-52a1-450c-9ddc-b1eded8d908d	dataAccessId=[uploadsQuery];outputIndexId=[1];paramuserParam=[joe];pageStart=[0];pageSize=[0];path=[/system/cfr/presentation/cfr.cda];paramsearchBox=[];		0.0
2014/10/22 11:41:26	cda	3EF6A7ED0A7F9CD743902CF8DD4DF7CD	/system/cfr/presentation/cfr.cda	pt.webdetails.cda.CdaUtils	admin	instance_end	b7d03865-52a1-450c-9ddc-b1eded8d908d			0.07999999821186066
